<?xml version="1.0" encoding="UTF-8"?>
<testng-results ignored="0" total="1" passed="0" failed="0" skipped="1">
  <reporter-output>
    <line>
      <![CDATA[*******************************Setting up reports and Test is getting ready*****************************]]>
    </line>
  </reporter-output>
  <suite started-at="2025-07-17T16:30:58 IST" name="Default suite" finished-at="2025-07-17T16:31:52 IST" duration-ms="53544">
    <groups>
    </groups>
    <test started-at="2025-07-17T16:30:58 IST" name="Default test" finished-at="2025-07-17T16:31:52 IST" duration-ms="53544">
      <class name="com.augmont.api.GoldPurchaseAPI">
        <test-method is-config="true" signature="setUpSuite()[pri:0, instance:com.augmont.api.GoldPurchaseAPI@25ce9dc4]" started-at="2025-07-17T16:30:57 IST" name="setUpSuite" finished-at="2025-07-17T16:30:58 IST" duration-ms="812" status="PASS">
          <reporter-output>
            <line>
              <![CDATA[*******************************Setting up reports and Test is getting ready*****************************]]>
            </line>
          </reporter-output>
        </test-method> <!-- setUpSuite -->
        <test-method is-config="true" signature="setUp()[pri:0, instance:com.augmont.api.GoldPurchaseAPI@25ce9dc4]" started-at="2025-07-17T16:30:58 IST" name="setUp" finished-at="2025-07-17T16:31:51 IST" duration-ms="53424" status="PASS">
          <reporter-output>
          </reporter-output>
        </test-method> <!-- setUp -->
        <test-method is-config="true" signature="setUpLoginAdmin(java.lang.String,java.lang.String)[pri:0, instance:com.augmont.api.GoldPurchaseAPI@25ce9dc4]" started-at="2025-07-17T16:31:52 IST" name="setUpLoginAdmin" finished-at="1970-01-01T05:30:00 IST" duration-ms="-1752750112009" status="FAIL">
          <exception class="org.testng.TestNGException">
            <message>
              <![CDATA[
Method setUpLoginAdmin requires 2 parameters but 1 were supplied in the BeforeMethod annotation.]]>
            </message>
            <full-stacktrace>
              <![CDATA[org.testng.TestNGException: 
Method setUpLoginAdmin requires 2 parameters but 1 were supplied in the BeforeMethod annotation.
at org.testng.internal.Parameters.checkParameterTypes(Parameters.java:444)
at org.testng.internal.Parameters.createParametersForMethod(Parameters.java:350)
at org.testng.internal.Parameters.createParameters(Parameters.java:684)
at org.testng.internal.Parameters.createConfigurationParameters(Parameters.java:166)
at org.testng.internal.invokers.ConfigInvoker.invokeConfigurations(ConfigInvoker.java:277)
at org.testng.internal.invokers.TestInvoker.runConfigMethods(TestInvoker.java:816)
at org.testng.internal.invokers.TestInvoker.invokeMethod(TestInvoker.java:590)
at org.testng.internal.invokers.TestInvoker.invokeTestMethod(TestInvoker.java:221)
at org.testng.internal.invokers.MethodRunner.runInSequence(MethodRunner.java:50)
at org.testng.internal.invokers.TestInvoker$MethodInvocationAgent.invoke(TestInvoker.java:962)
at org.testng.internal.invokers.TestInvoker.invokeTestMethods(TestInvoker.java:194)
at org.testng.internal.invokers.TestMethodWorker.invokeTestMethods(TestMethodWorker.java:148)
at org.testng.internal.invokers.TestMethodWorker.run(TestMethodWorker.java:128)
at java.base/java.util.ArrayList.forEach(ArrayList.java:1511)
at org.testng.TestRunner.privateRun(TestRunner.java:806)
at org.testng.TestRunner.run(TestRunner.java:601)
at org.testng.SuiteRunner.runTest(SuiteRunner.java:433)
at org.testng.SuiteRunner.runSequentially(SuiteRunner.java:427)
at org.testng.SuiteRunner.privateRun(SuiteRunner.java:387)
at org.testng.SuiteRunner.run(SuiteRunner.java:330)
at org.testng.SuiteRunnerWorker.runSuite(SuiteRunnerWorker.java:52)
at org.testng.SuiteRunnerWorker.run(SuiteRunnerWorker.java:95)
at org.testng.TestNG.runSuitesSequentially(TestNG.java:1256)
at org.testng.TestNG.runSuitesLocally(TestNG.java:1176)
at org.testng.TestNG.runSuites(TestNG.java:1099)
at org.testng.TestNG.run(TestNG.java:1067)
at org.testng.remote.AbstractRemoteTestNG.run(AbstractRemoteTestNG.java:115)
at org.testng.remote.RemoteTestNG.initAndRun(RemoteTestNG.java:251)
at org.testng.remote.RemoteTestNG.main(RemoteTestNG.java:77)
]]>
            </full-stacktrace>
          </exception> <!-- org.testng.TestNGException -->
          <reporter-output>
          </reporter-output>
        </test-method> <!-- setUpLoginAdmin -->
        <test-method signature="getGoldRates()[pri:0, instance:com.augmont.api.GoldPurchaseAPI@25ce9dc4]" started-at="2025-07-17T16:31:52 IST" name="getGoldRates" finished-at="2025-07-17T16:31:52 IST" duration-ms="0" status="SKIP">
          <exception class="org.testng.TestNGException">
            <message>
              <![CDATA[
Method setUpLoginAdmin requires 2 parameters but 1 were supplied in the BeforeMethod annotation.]]>
            </message>
            <full-stacktrace>
              <![CDATA[org.testng.TestNGException: 
Method setUpLoginAdmin requires 2 parameters but 1 were supplied in the BeforeMethod annotation.
at org.testng.internal.Parameters.checkParameterTypes(Parameters.java:444)
at org.testng.internal.Parameters.createParametersForMethod(Parameters.java:350)
at org.testng.internal.Parameters.createParameters(Parameters.java:684)
at org.testng.internal.Parameters.createConfigurationParameters(Parameters.java:166)
at org.testng.internal.invokers.ConfigInvoker.invokeConfigurations(ConfigInvoker.java:277)
at org.testng.internal.invokers.TestInvoker.runConfigMethods(TestInvoker.java:816)
at org.testng.internal.invokers.TestInvoker.invokeMethod(TestInvoker.java:590)
at org.testng.internal.invokers.TestInvoker.invokeTestMethod(TestInvoker.java:221)
at org.testng.internal.invokers.MethodRunner.runInSequence(MethodRunner.java:50)
at org.testng.internal.invokers.TestInvoker$MethodInvocationAgent.invoke(TestInvoker.java:962)
at org.testng.internal.invokers.TestInvoker.invokeTestMethods(TestInvoker.java:194)
at org.testng.internal.invokers.TestMethodWorker.invokeTestMethods(TestMethodWorker.java:148)
at org.testng.internal.invokers.TestMethodWorker.run(TestMethodWorker.java:128)
at java.base/java.util.ArrayList.forEach(ArrayList.java:1511)
at org.testng.TestRunner.privateRun(TestRunner.java:806)
at org.testng.TestRunner.run(TestRunner.java:601)
at org.testng.SuiteRunner.runTest(SuiteRunner.java:433)
at org.testng.SuiteRunner.runSequentially(SuiteRunner.java:427)
at org.testng.SuiteRunner.privateRun(SuiteRunner.java:387)
at org.testng.SuiteRunner.run(SuiteRunner.java:330)
at org.testng.SuiteRunnerWorker.runSuite(SuiteRunnerWorker.java:52)
at org.testng.SuiteRunnerWorker.run(SuiteRunnerWorker.java:95)
at org.testng.TestNG.runSuitesSequentially(TestNG.java:1256)
at org.testng.TestNG.runSuitesLocally(TestNG.java:1176)
at org.testng.TestNG.runSuites(TestNG.java:1099)
at org.testng.TestNG.run(TestNG.java:1067)
at org.testng.remote.AbstractRemoteTestNG.run(AbstractRemoteTestNG.java:115)
at org.testng.remote.RemoteTestNG.initAndRun(RemoteTestNG.java:251)
at org.testng.remote.RemoteTestNG.main(RemoteTestNG.java:77)
]]>
            </full-stacktrace>
          </exception> <!-- org.testng.TestNGException -->
          <reporter-output>
          </reporter-output>
        </test-method> <!-- getGoldRates -->
        <test-method is-config="true" signature="afterTest(org.testng.ITestResult)[pri:0, instance:com.augmont.api.GoldPurchaseAPI@25ce9dc4]" started-at="2025-07-17T16:31:52 IST" name="afterTest" finished-at="2025-07-17T16:31:52 IST" duration-ms="0" status="SKIP">
          <reporter-output>
          </reporter-output>
        </test-method> <!-- afterTest -->
        <test-method is-config="true" signature="teardown()[pri:0, instance:com.augmont.api.GoldPurchaseAPI@25ce9dc4]" started-at="2025-07-17T16:31:52 IST" name="teardown" finished-at="2025-07-17T16:31:52 IST" duration-ms="0" status="SKIP">
          <reporter-output>
          </reporter-output>
        </test-method> <!-- teardown -->
      </class> <!-- com.augmont.api.GoldPurchaseAPI -->
    </test> <!-- Default test -->
  </suite> <!-- Default suite -->
</testng-results>
