<?xml version="1.0" encoding="UTF-8"?>
<!-- Generated by org.testng.reporters.JUnitXMLReporter -->
<testsuite ignored="1" hostname="DESKTOP-RBV9ECI" failures="1" tests="1" name="purchaseGold" time="167.393" errors="0" timestamp="2025-07-09T19:14:05 IST">
  <testcase classname="com.augmont.test.baseTestCases.PurchaseGold" name="buyGoldTC001" time="107.796">
    <failure type="org.openqa.selenium.TimeoutException" message="Expected condition failed: waiting for visibility of element located by By.xpath: //*[contains(@content-desc, &amp;apos;Latest&amp;apos;)]/following-sibling::*[contains(@content-desc, &amp;apos;₹&amp;apos;) and @class=&amp;apos;android.view.View&amp;apos;] (tried for 20 second(s) with 500 milliseconds interval)
Build info: version: &amp;apos;4.34.0&amp;apos;, revision: &amp;apos;707dcb4246*&amp;apos;
System info: os.name: &amp;apos;Windows 11&amp;apos;, os.arch: &amp;apos;amd64&amp;apos;, os.version: &amp;apos;10.0&amp;apos;, java.version: &amp;apos;17.0.5&amp;apos;
Driver info: io.appium.java_client.android.AndroidDriver
Capabilities {appium:app: C:\Users\Kamlesh Diwan\appi..., appium:appActivity: com.augmont.augmont_android..., appium:appPackage: com.augmont.augmont_android..., appium:appWaitActivity: *, appium:appWaitDuration: 60000, appium:autoGrantPermissions: true, appium:automationName: UiAutomator2, appium:databaseEnabled: false, appium:desired: {app: C:\Users\Kamlesh Diwan\appi..., appWaitActivity: *, appWaitDuration: 60000, autoGrantPermissions: true, automationName: UiAutomator2, deviceName: android, platformName: ANDROID, resetKeyboard: true, unicodeKeyboard: true}, appium:deviceApiLevel: 36, appium:deviceManufacturer: Google, appium:deviceModel: sdk_gphone64_x86_64, appium:deviceName: emulator-5554, appium:deviceScreenDensity: 440, appium:deviceScreenSize: 1080x2220, appium:deviceUDID: emulator-5554, appium:javascriptEnabled: true, appium:locationContextEnabled: false, appium:networkConnectionEnabled: true, appium:pixelRatio: 2.75, appium:platformVersion: 16, appium:resetKeyboard: true, appium:statBarHeight: 66, appium:takesScreenshot: true, appium:unicodeKeyboard: true, appium:viewportRect: {height: 2154, left: 0, top: 66, width: 1080}, appium:warnings: {}, appium:webStorageEnabled: false, platformName: ANDROID}
Session ID: 4d9bd866-b18f-4f7e-a758-72cfaadac13f">
      <![CDATA[org.openqa.selenium.TimeoutException: Expected condition failed: waiting for visibility of element located by By.xpath: //*[contains(@content-desc, 'Latest')]/following-sibling::*[contains(@content-desc, '₹') and @class='android.view.View'] (tried for 20 second(s) with 500 milliseconds interval)
Build info: version: '4.34.0', revision: '707dcb4246*'
System info: os.name: 'Windows 11', os.arch: 'amd64', os.version: '10.0', java.version: '17.0.5'
Driver info: io.appium.java_client.android.AndroidDriver
Capabilities {appium:app: C:\Users\Kamlesh Diwan\appi..., appium:appActivity: com.augmont.augmont_android..., appium:appPackage: com.augmont.augmont_android..., appium:appWaitActivity: *, appium:appWaitDuration: 60000, appium:autoGrantPermissions: true, appium:automationName: UiAutomator2, appium:databaseEnabled: false, appium:desired: {app: C:\Users\Kamlesh Diwan\appi..., appWaitActivity: *, appWaitDuration: 60000, autoGrantPermissions: true, automationName: UiAutomator2, deviceName: android, platformName: ANDROID, resetKeyboard: true, unicodeKeyboard: true}, appium:deviceApiLevel: 36, appium:deviceManufacturer: Google, appium:deviceModel: sdk_gphone64_x86_64, appium:deviceName: emulator-5554, appium:deviceScreenDensity: 440, appium:deviceScreenSize: 1080x2220, appium:deviceUDID: emulator-5554, appium:javascriptEnabled: true, appium:locationContextEnabled: false, appium:networkConnectionEnabled: true, appium:pixelRatio: 2.75, appium:platformVersion: 16, appium:resetKeyboard: true, appium:statBarHeight: 66, appium:takesScreenshot: true, appium:unicodeKeyboard: true, appium:viewportRect: {height: 2154, left: 0, top: 66, width: 1080}, appium:warnings: {}, appium:webStorageEnabled: false, platformName: ANDROID}
Session ID: 4d9bd866-b18f-4f7e-a758-72cfaadac13f
at org.openqa.selenium.support.ui.WebDriverWait.timeoutException(WebDriverWait.java:84)
at org.openqa.selenium.support.ui.FluentWait.until(FluentWait.java:228)
at com.augmont.objectPages.TransactionPage.getTransactionAmount(TransactionPage.java:29)
at com.augmont.test.testPages.TransactionMethod.getTransactionAmountFromHistory(TransactionMethod.java:22)
at com.augmont.test.baseTestCases.PurchaseGold.buyGoldTC001(PurchaseGold.java:42)
at java.base/java.util.ArrayList.forEach(ArrayList.java:1511)
... Removed 27 stack frames]]>
    </failure>
  </testcase> <!-- buyGoldTC001 -->
  <testcase classname="com.augmont.test.baseTestCases.PurchaseGold" name="createGoldSIP_TC001" time="0.0">
    <ignored/>
  </testcase> <!-- createGoldSIP_TC001 -->
</testsuite> <!-- purchaseGold -->
