<?xml version="1.0" encoding="UTF-8"?>
<!-- Generated by org.testng.reporters.JUnitReportReporter -->
<testsuite hostname="DESKTOP-RBV9ECI" failures="0" tests="2" name="com.augmont.test.baseTestCases.PurchaseGold" time="110.953" errors="1" timestamp="2025-07-09T19:14:06 IST" skipped="1">
  <testcase classname="com.augmont.test.baseTestCases.PurchaseGold" name="buyGoldTC001" time="110.953">
    <error message="Expected condition failed: waiting for visibility of element located by By.xpath: //*[contains(@content-desc, &#039;Latest&#039;)]/following-sibling::*[contains(@content-desc, &#039;₹&#039;) and @class=&#039;android.view.View&#039;] (tried for 20 second(s) with 500 milliseconds interval)
Build info: version: &#039;4.34.0&#039;, revision: &#039;707dcb4246*&#039;
System info: os.name: &#039;Windows 11&#039;, os.arch: &#039;amd64&#039;, os.version: &#039;10.0&#039;, java.version: &#039;17.0.5&#039;
Driver info: io.appium.java_client.android.AndroidDriver
Capabilities {appium:app: C:\Users\Kamlesh Diwan\appi..., appium:appActivity: com.augmont.augmont_android..., appium:appPackage: com.augmont.augmont_android..., appium:appWaitActivity: *, appium:appWaitDuration: 60000, appium:autoGrantPermissions: true, appium:automationName: UiAutomator2, appium:databaseEnabled: false, appium:desired: {app: C:\Users\Kamlesh Diwan\appi..., appWaitActivity: *, appWaitDuration: 60000, autoGrantPermissions: true, automationName: UiAutomator2, deviceName: android, platformName: ANDROID, resetKeyboard: true, unicodeKeyboard: true}, appium:deviceApiLevel: 36, appium:deviceManufacturer: Google, appium:deviceModel: sdk_gphone64_x86_64, appium:deviceName: emulator-5554, appium:deviceScreenDensity: 440, appium:deviceScreenSize: 1080x2220, appium:deviceUDID: emulator-5554, appium:javascriptEnabled: true, appium:locationContextEnabled: false, appium:networkConnectionEnabled: true, appium:pixelRatio: 2.75, appium:platformVersion: 16, appium:resetKeyboard: true, appium:statBarHeight: 66, appium:takesScreenshot: true, appium:unicodeKeyboard: true, appium:viewportRect: {height: 2154, left: 0, top: 66, width: 1080}, appium:warnings: {}, appium:webStorageEnabled: false, platformName: ANDROID}
Session ID: 4d9bd866-b18f-4f7e-a758-72cfaadac13f" type="org.openqa.selenium.TimeoutException">
      <![CDATA[org.openqa.selenium.TimeoutException: Expected condition failed: waiting for visibility of element located by By.xpath: //*[contains(@content-desc, 'Latest')]/following-sibling::*[contains(@content-desc, '₹') and @class='android.view.View'] (tried for 20 second(s) with 500 milliseconds interval)
Build info: version: '4.34.0', revision: '707dcb4246*'
System info: os.name: 'Windows 11', os.arch: 'amd64', os.version: '10.0', java.version: '17.0.5'
Driver info: io.appium.java_client.android.AndroidDriver
Capabilities {appium:app: C:\Users\Kamlesh Diwan\appi..., appium:appActivity: com.augmont.augmont_android..., appium:appPackage: com.augmont.augmont_android..., appium:appWaitActivity: *, appium:appWaitDuration: 60000, appium:autoGrantPermissions: true, appium:automationName: UiAutomator2, appium:databaseEnabled: false, appium:desired: {app: C:\Users\Kamlesh Diwan\appi..., appWaitActivity: *, appWaitDuration: 60000, autoGrantPermissions: true, automationName: UiAutomator2, deviceName: android, platformName: ANDROID, resetKeyboard: true, unicodeKeyboard: true}, appium:deviceApiLevel: 36, appium:deviceManufacturer: Google, appium:deviceModel: sdk_gphone64_x86_64, appium:deviceName: emulator-5554, appium:deviceScreenDensity: 440, appium:deviceScreenSize: 1080x2220, appium:deviceUDID: emulator-5554, appium:javascriptEnabled: true, appium:locationContextEnabled: false, appium:networkConnectionEnabled: true, appium:pixelRatio: 2.75, appium:platformVersion: 16, appium:resetKeyboard: true, appium:statBarHeight: 66, appium:takesScreenshot: true, appium:unicodeKeyboard: true, appium:viewportRect: {height: 2154, left: 0, top: 66, width: 1080}, appium:warnings: {}, appium:webStorageEnabled: false, platformName: ANDROID}
Session ID: 4d9bd866-b18f-4f7e-a758-72cfaadac13f
at org.openqa.selenium.support.ui.WebDriverWait.timeoutException(WebDriverWait.java:84)
at org.openqa.selenium.support.ui.FluentWait.until(FluentWait.java:228)
at com.augmont.objectPages.TransactionPage.getTransactionAmount(TransactionPage.java:29)
at com.augmont.test.testPages.TransactionMethod.getTransactionAmountFromHistory(TransactionMethod.java:22)
at com.augmont.test.baseTestCases.PurchaseGold.buyGoldTC001(PurchaseGold.java:42)
at java.base/jdk.internal.reflect.NativeMethodAccessorImpl.invoke0(Native Method)
at java.base/jdk.internal.reflect.NativeMethodAccessorImpl.invoke(NativeMethodAccessorImpl.java:77)
at java.base/jdk.internal.reflect.DelegatingMethodAccessorImpl.invoke(DelegatingMethodAccessorImpl.java:43)
at java.base/java.lang.reflect.Method.invoke(Method.java:568)
at org.testng.internal.invokers.MethodInvocationHelper.invokeMethod(MethodInvocationHelper.java:139)
at org.testng.internal.invokers.TestInvoker.invokeMethod(TestInvoker.java:677)
at org.testng.internal.invokers.TestInvoker.invokeTestMethod(TestInvoker.java:221)
at org.testng.internal.invokers.MethodRunner.runInSequence(MethodRunner.java:50)
at org.testng.internal.invokers.TestInvoker$MethodInvocationAgent.invoke(TestInvoker.java:962)
at org.testng.internal.invokers.TestInvoker.invokeTestMethods(TestInvoker.java:194)
at org.testng.internal.invokers.TestMethodWorker.invokeTestMethods(TestMethodWorker.java:148)
at org.testng.internal.invokers.TestMethodWorker.run(TestMethodWorker.java:128)
at java.base/java.util.ArrayList.forEach(ArrayList.java:1511)
at org.testng.TestRunner.privateRun(TestRunner.java:806)
at org.testng.TestRunner.run(TestRunner.java:601)
at org.testng.SuiteRunner.runTest(SuiteRunner.java:433)
at org.testng.SuiteRunner.runSequentially(SuiteRunner.java:427)
at org.testng.SuiteRunner.privateRun(SuiteRunner.java:387)
at org.testng.SuiteRunner.run(SuiteRunner.java:330)
at org.testng.SuiteRunnerWorker.runSuite(SuiteRunnerWorker.java:52)
at org.testng.SuiteRunnerWorker.run(SuiteRunnerWorker.java:95)
at org.testng.TestNG.runSuitesSequentially(TestNG.java:1256)
at org.testng.TestNG.runSuitesLocally(TestNG.java:1176)
at org.testng.TestNG.runSuites(TestNG.java:1099)
at org.testng.TestNG.run(TestNG.java:1067)
at org.testng.remote.AbstractRemoteTestNG.run(AbstractRemoteTestNG.java:115)
at org.testng.remote.RemoteTestNG.initAndRun(RemoteTestNG.java:251)
at org.testng.remote.RemoteTestNG.main(RemoteTestNG.java:77)
]]>
    </error>
  </testcase> <!-- buyGoldTC001 -->
  <system-out>
    <![CDATA[Login Method
-----------------------------------------------
Click Perform on Skip Button
Click Perform on sign up Link
Click Perform on RegisterorSignin Now Button
click Perform On None of The Above Link
Inserted Mobile Number is:8141143966
Click peform on Generate OTP
Enter OTP Sucessfully
-----------------------------------------------
Buy gold one time with defalut Amount tab
-----------------------------------------------
Click Perofom On ReInvestAndMore SuceessFully
Click Perofom On Gold investment SuceessFully
Click Perofom On Start Investing in Gold SuceessFully
Click Perofom On One Time Button SuceessFully
Click Perofom On Amount button SuceessFully
Selected Tab Amount is:500.0
Click Perofom On Proceed SuceessFully
-----------------------------------------------
Varify Purchase Gold One Time Summary
-----------------------------------------------
Investment Type is:One Time
Investment Type is varified:One Time
Total Amount is:₹ 500.0
Total Amount is varified:500.0
Paid Amount is:₹ 500.0
Paid Amount is varified:500.0
Net Payable Amount is:₹ 0.00
NetPayable Amount is varified:0.0
Click Perofom On Proceed to pay SuceessFully
gold Bought Message is:0.0489 grams of Gold has been successfully bought.
You can sell your gold/silver after 48 hours.
-----------------------------------------------
Varify Amount from Transaction History
-----------------------------------------------
Click Perofom On ReInvestAndMore SuceessFully
Click Perofom On Gold investment SuceessFully
Click Perofom transaction History Tab SuceessFully]]>
  </system-out>
  <testcase classname="com.augmont.test.baseTestCases.PurchaseGold" name="createGoldSIP_TC001">
    <skipped/>
  </testcase> <!-- createGoldSIP_TC001 -->
  <system-out/>
</testsuite> <!-- com.augmont.test.baseTestCases.PurchaseGold -->
